<?xml version="1.0" encoding="UTF-8"?>
<!-- Generated by org.testng.reporters.JUnitReportReporter -->
<testsuite hostname="SriLakshmi-PC" name="automationScripts.testSelenium1" tests="1" failures="0" timestamp="20 Jul 2017 02:35:30 GMT" time="75.246" errors="0">
  <testcase name="createAccount2" time="75.246" classname="automationScripts.testSelenium1"/>
</testsuite> <!-- automationScripts.testSelenium1 -->
