<?xml version="1.0" encoding="UTF-8"?>
<!-- Generated by org.testng.reporters.JUnitReportReporter -->
<testsuite hostname="SriLakshmi-PC" name="automationScripts.testSelenium3" tests="1" failures="0" timestamp="30 Jul 2017 07:57:58 GMT" time="46.308" errors="0">
  <testcase name="createAccount2" time="46.308" classname="automationScripts.testSelenium3"/>
</testsuite> <!-- automationScripts.testSelenium3 -->
